[2026-06-07 10:18:32,337] torch.distributed.run: [WARNING] 
[2026-06-07 10:18:32,337] torch.distributed.run: [WARNING] *****************************************
[2026-06-07 10:18:32,337] torch.distributed.run: [WARNING] Setting OMP_NUM_THREADS environment variable for each process to be 1 in default, to avoid your system being overloaded, please further tune the variable for optimal performance in your application as needed. 
[2026-06-07 10:18:32,337] torch.distributed.run: [WARNING] *****************************************
06/07/2026 10:18:35 - INFO -   Effective parameters:
06/07/2026 10:18:35 - INFO -       [Experiment] baseline_pure_sim
06/07/2026 10:18:35 - INFO -     [Training] epochs=5 | batch_size=64 | lr=0.0001 | coef_lr=0.001 | gradient_accumulation_steps=2 | fp16=False | max_frames=8 | max_words=32 | seed=42
06/07/2026 10:18:35 - INFO -     [Model] pretrained_clip_name=ViT-B/16 | sim_header=seqTransf | linear_patch=2d | fusion_mode=prob_mos | extra_video_cls_num=2 | extra_text_cls_num=2 | n_video_embeddings=7 | n_text_embeddings=7 | uncertainty_text_head=text | log_sigma_min=-1.5 | log_sigma_max=4.0
06/07/2026 10:18:35 - INFO -     [Query] w_query_sim=0.5 | w_uncertainty_reg=0.001 | w_evidential=0.01 | w_neg_reg=0.05 | fusion_temperature=1.5 | num_expansion_tokens=0
06/07/2026 10:18:35 - INFO -     [Annealing] anneal_warmup_epochs=0
06/07/2026 10:18:35 - INFO -     [Uncertainty] uncertainty_mode=none
06/07/2026 10:18:35 - INFO -     [Other] DSL=False | attr_num_blocks=4 | batch_size_val=16 | cache_dir= | cross_model=cross-base | cross_num_hidden_layers=4 | data_path=/data2/hxj/data/MSRVTT/annotation/MSRVTT_v2.json | datatype=msrvtt | disable_query_gate_in_retrieval=False | disable_spatial_enhancer=False | do_eval=False | do_lower_case=False | do_pretrain=False | do_train=True | eval_branch_mode=default | eval_frame_order=0 | eval_vid_chunk_size=128 | expand_msrvtt_sentences=True | experiment_desc=baseline_pure_sim | feature_framerate=1 | features_path=/data2/hxj/data/MSRVTT/videos/compressed_videos/msrvtt_224_12fps/ | fp16_opt_level=O1 | freeze_layer_num=0 | gate_log_dir=logs/gate_scores | gate_log_interval=100 | hard_negative_rate=0.5 | init_model=None | local_rank=0 | log_moe_weights=True | log_mus_scores=False | loose_type=True | lr_decay=0.9 | mamba_lr_ratio=0.1 | margin=0.1 | max_words_attrs=None | moe_log_dir=logs/moe_weights | msrvtt_attributes_path= | msvd_attributes_path= | n_display=20 | n_gpu=1 | n_pair=1 | negative_weighting=1 | num_thread_reader=8 | output_dir=ckpts/ckpt_msrvtt_20260607_101830 | rank=0 | resume_model=None | rope_mode=2d | sampled_use_mil=False | slice_framepos=3 | strategy=2 | task_type=retrieval | text_num_hidden_layers=12 | train_csv=/data2/hxj/data/MSRVTT/csv/MSRVTT_train.9k.csv | train_frame_order=0 | use_ada_norm=True | use_attributes=False | use_mil=False | val_csv=/data2/hxj/data/MSRVTT/csv/MSRVTT_JSFUSION_test.csv | video_dim=1024 | visual_num_hidden_layers=12 | w_mil=0.01 | w_orth=0.1 | warmup_proportion=0.1 | world_size=2
06/07/2026 10:18:35 - INFO -   device: cuda:0 n_gpu: 2
06/07/2026 10:18:36 - INFO -   device: cuda:1 n_gpu: 2
06/07/2026 10:18:36 - INFO -   loading archive file /data2/hxj/project/UATVR/modules/cross-base
06/07/2026 10:18:36 - INFO -   Model config {
  "attention_probs_dropout_prob": 0.1,
  "hidden_act": "gelu",
  "hidden_dropout_prob": 0.1,
  "hidden_size": 512,
  "initializer_range": 0.02,
  "intermediate_size": 2048,
  "max_position_embeddings": 128,
  "num_attention_heads": 8,
  "num_hidden_layers": 4,
  "type_vocab_size": 2,
  "vocab_size": 512
}

06/07/2026 10:18:36 - INFO -   Weight doesn't exsits. /data2/hxj/project/UATVR/modules/cross-base/cross_pytorch_model.bin
06/07/2026 10:18:36 - WARNING -   Test retrieval by loose type.
06/07/2026 10:18:36 - WARNING -   	 embed_dim: 512
06/07/2026 10:18:36 - WARNING -   	 image_resolution: 224
06/07/2026 10:18:36 - WARNING -   	 vision_layers: 12
06/07/2026 10:18:36 - WARNING -   	 vision_width: 768
06/07/2026 10:18:36 - WARNING -   	 vision_patch_size: 16
06/07/2026 10:18:36 - WARNING -   	 context_length: 77
06/07/2026 10:18:36 - WARNING -   	 vocab_size: 49408
06/07/2026 10:18:36 - WARNING -   	 transformer_width: 512
06/07/2026 10:18:36 - WARNING -   	 transformer_heads: 8
06/07/2026 10:18:36 - WARNING -   	 transformer_layers: 12
06/07/2026 10:18:36 - WARNING -   		 linear_patch: 2d
06/07/2026 10:18:36 - WARNING -   	 cut_top_layer: 0
06/07/2026 10:18:38 - WARNING -   	 sim_header: seqTransf
06/07/2026 10:18:38 - WARNING -   CLIP UATVR Model ......
06/07/2026 10:18:38 - WARNING -   	 Extra video Class token number: 2
06/07/2026 10:18:38 - WARNING -   	 Extra text Class token number: 2
06/07/2026 10:18:38 - WARNING -   	 Number of video sampling probabilistic embeddings: 7
06/07/2026 10:18:38 - WARNING -   	 Number of text sampling probabilistic embeddings: 7
06/07/2026 10:18:47 - INFO -   --------------------
06/07/2026 10:18:47 - INFO -   Weights of UATVR not initialized from pretrained model: 
   word_position_embeddings.weight
   pie_net_text.attention.w_1.weight
   pie_net_text.attention.w_2.weight
   pie_net_text.fc.weight
   pie_net_text.fc.bias
   pie_net_text.layer_norm.weight
   pie_net_text.layer_norm.bias
   uncertain_net_text.attention.w_1.weight
   uncertain_net_text.attention.w_2.weight
   uncertain_net_text.fc.weight
   uncertain_net_text.fc.bias
   uncertain_net_text.rnn.weight_ih_l0
   uncertain_net_text.rnn.weight_hh_l0
   uncertain_net_text.rnn.bias_ih_l0
   uncertain_net_text.rnn.bias_hh_l0
   uncertain_net_text.rnn.weight_ih_l0_reverse
   uncertain_net_text.rnn.weight_hh_l0_reverse
   uncertain_net_text.rnn.bias_ih_l0_reverse
   uncertain_net_text.rnn.bias_hh_l0_reverse
   uncertain_net_text.fc2.weight
   uncertain_net_text.fc2.bias
   ada_norm_text.proj.0.weight
   ada_norm_text.proj.0.bias
   ada_norm_text.proj.2.weight
   ada_norm_text.proj.2.bias
   spatial_enhancer.rope.angle
   spatial_enhancer.attention.qkvo.weight
   spatial_enhancer.attention.qkvo.bias
   spatial_enhancer.attention.lepe.weight
   spatial_enhancer.attention.lepe.bias
   spatial_enhancer.attention.proj.weight
   spatial_enhancer.attention.proj.bias
   text_weight_fc.0.weight
   text_weight_fc.0.bias
   text_weight_fc.2.weight
   text_weight_fc.2.bias
   video_weight_fc.0.weight
   video_weight_fc.0.bias
   video_weight_fc.2.weight
   video_weight_fc.2.bias
   sap.anchor_tokens
   sap.decoder.layers.0.self_attn.in_proj_weight
   sap.decoder.layers.0.self_attn.in_proj_bias
   sap.decoder.layers.0.self_attn.out_proj.weight
   sap.decoder.layers.0.self_attn.out_proj.bias
   sap.decoder.layers.0.multihead_attn.in_proj_weight
   sap.decoder.layers.0.multihead_attn.in_proj_bias
   sap.decoder.layers.0.multihead_attn.out_proj.weight
   sap.decoder.layers.0.multihead_attn.out_proj.bias
   sap.decoder.layers.0.linear1.weight
   sap.decoder.layers.0.linear1.bias
   sap.decoder.layers.0.linear2.weight
   sap.decoder.layers.0.linear2.bias
   sap.decoder.layers.0.norm1.weight
   sap.decoder.layers.0.norm1.bias
   sap.decoder.layers.0.norm2.weight
   sap.decoder.layers.0.norm2.bias
   sap.decoder.layers.0.norm3.weight
   sap.decoder.layers.0.norm3.bias
   sap.decoder.layers.1.self_attn.in_proj_weight
   sap.decoder.layers.1.self_attn.in_proj_bias
   sap.decoder.layers.1.self_attn.out_proj.weight
   sap.decoder.layers.1.self_attn.out_proj.bias
   sap.decoder.layers.1.multihead_attn.in_proj_weight
   sap.decoder.layers.1.multihead_attn.in_proj_bias
   sap.decoder.layers.1.multihead_attn.out_proj.weight
   sap.decoder.layers.1.multihead_attn.out_proj.bias
   sap.decoder.layers.1.linear1.weight
   sap.decoder.layers.1.linear1.bias
   sap.decoder.layers.1.linear2.weight
   sap.decoder.layers.1.linear2.bias
   sap.decoder.layers.1.norm1.weight
   sap.decoder.layers.1.norm1.bias
   sap.decoder.layers.1.norm2.weight
   sap.decoder.layers.1.norm2.bias
   sap.decoder.layers.1.norm3.weight
   sap.decoder.layers.1.norm3.bias
   sap.norm.weight
   sap.norm.bias
   sap.evidential_head.dirichlet_layer.weight
   sap.evidential_head.dirichlet_layer.bias
   sap.evidential_head.nig_layer.weight
   sap.evidential_head.nig_layer.bias
06/07/2026 10:18:47 - INFO -   Weights from pretrained model not used in UATVR: 
   clip.input_resolution
   clip.context_length
   clip.vocab_size
[uniform sampling with 30 fps]
[uniform sampling with 30 fps]
06/07/2026 10:18:47 - INFO -   ***** Running test *****
06/07/2026 10:18:47 - INFO -     Test: 1000 samples, 63 steps (bs=16) | Val: 1000 samples | Frame order: sequential
[uniform sampling 30 fps with a random offset]
06/07/2026 10:18:48 - INFO -   [Optimizer] CLIP: 302 params (lr=1.00e-07) | Mamba: 0 params (lr=1.00e-05, ratio=0.10) | Other: 131 params (lr=1.00e-04)
[uniform sampling 30 fps with a random offset]
06/07/2026 10:18:49 - INFO -   ***** Running training *****
06/07/2026 10:18:49 - INFO -     Samples: 180000 | Batch: 32 x 2 GPUs x 2 accum = 128 eff | Steps/epoch: 2812 | Total opt steps: 7032
06/07/2026 10:18:49 - INFO -   ============================================================
06/07/2026 10:18:49 - INFO -   ============================================================
[2026-06-07 10:19:12,382] torch.distributed.elastic.multiprocessing.api: [WARNING] Sending process 3648904 closing signal SIGTERM
[2026-06-07 10:19:12,697] torch.distributed.elastic.multiprocessing.api: [ERROR] failed (exitcode: -9) local_rank: 1 (pid: 3648905) of binary: /home/xujie/miniconda3/envs/ret/bin/python
Traceback (most recent call last):
  File "/home/xujie/miniconda3/envs/ret/bin/torchrun", line 7, in <module>
    sys.exit(main())
  File "/home/xujie/miniconda3/envs/ret/lib/python3.10/site-packages/torch/distributed/elastic/multiprocessing/errors/__init__.py", line 346, in wrapper
    return f(*args, **kwargs)
  File "/home/xujie/miniconda3/envs/ret/lib/python3.10/site-packages/torch/distributed/run.py", line 806, in main
    run(args)
  File "/home/xujie/miniconda3/envs/ret/lib/python3.10/site-packages/torch/distributed/run.py", line 797, in run
    elastic_launch(
  File "/home/xujie/miniconda3/envs/ret/lib/python3.10/site-packages/torch/distributed/launcher/api.py", line 134, in __call__
    return launch_agent(self._config, self._entrypoint, list(args))
  File "/home/xujie/miniconda3/envs/ret/lib/python3.10/site-packages/torch/distributed/launcher/api.py", line 264, in launch_agent
    raise ChildFailedError(
torch.distributed.elastic.multiprocessing.errors.ChildFailedError: 
========================================================
main_task_retrieval.py FAILED
--------------------------------------------------------
Failures:
  <NO_OTHER_FAILURES>
--------------------------------------------------------
Root Cause (first observed failure):
[0]:
  time      : 2026-06-07_10:19:12
  host      : node199
  rank      : 1 (local_rank: 1)
  exitcode  : -9 (pid: 3648905)
  error_file: <N/A>
  traceback : Signal 9 (SIGKILL) received by PID 3648905
========================================================
